{"G:\\work\\DevEducation\\homeWorks\\HW7\\script.js": {"path":"G:\\work\\DevEducation\\homeWorks\\HW7\\script.js","all":false,"statementMap":{"0":{"start":{"line":1,"column":0},"end":{"line":1,"column":28}},"1":{"start":{"line":2,"column":0},"end":{"line":2,"column":17}},"2":{"start":{"line":3,"column":0},"end":{"line":3,"column":14}},"3":{"start":{"line":4,"column":0},"end":{"line":4,"column":0}},"4":{"start":{"line":5,"column":0},"end":{"line":5,"column":41}},"5":{"start":{"line":6,"column":0},"end":{"line":6,"column":0}},"6":{"start":{"line":7,"column":0},"end":{"line":7,"column":28}},"7":{"start":{"line":8,"column":0},"end":{"line":8,"column":23}},"8":{"start":{"line":9,"column":0},"end":{"line":9,"column":14}},"9":{"start":{"line":10,"column":0},"end":{"line":10,"column":5}},"10":{"start":{"line":11,"column":0},"end":{"line":11,"column":23}},"11":{"start":{"line":12,"column":0},"end":{"line":12,"column":14}},"12":{"start":{"line":13,"column":0},"end":{"line":13,"column":14}},"13":{"start":{"line":14,"column":0},"end":{"line":14,"column":5}},"14":{"start":{"line":15,"column":0},"end":{"line":15,"column":24}},"15":{"start":{"line":16,"column":0},"end":{"line":16,"column":14}},"16":{"start":{"line":17,"column":0},"end":{"line":17,"column":41}},"17":{"start":{"line":18,"column":0},"end":{"line":18,"column":5}},"18":{"start":{"line":19,"column":0},"end":{"line":19,"column":45}},"19":{"start":{"line":20,"column":0},"end":{"line":20,"column":3}},"20":{"start":{"line":21,"column":0},"end":{"line":21,"column":14}},"21":{"start":{"line":22,"column":0},"end":{"line":22,"column":1}},"22":{"start":{"line":23,"column":0},"end":{"line":23,"column":53}},"23":{"start":{"line":24,"column":0},"end":{"line":24,"column":41}},"24":{"start":{"line":25,"column":0},"end":{"line":25,"column":45}},"25":{"start":{"line":26,"column":0},"end":{"line":26,"column":0}},"26":{"start":{"line":27,"column":0},"end":{"line":27,"column":20}},"27":{"start":{"line":28,"column":0},"end":{"line":28,"column":3}},"28":{"start":{"line":29,"column":0},"end":{"line":29,"column":10}},"29":{"start":{"line":30,"column":0},"end":{"line":30,"column":23}},"30":{"start":{"line":31,"column":0},"end":{"line":31,"column":21}},"31":{"start":{"line":32,"column":0},"end":{"line":32,"column":21}},"32":{"start":{"line":33,"column":0},"end":{"line":33,"column":15}},"33":{"start":{"line":34,"column":0},"end":{"line":34,"column":7}},"34":{"start":{"line":35,"column":0},"end":{"line":35,"column":16}},"35":{"start":{"line":36,"column":0},"end":{"line":36,"column":33}},"36":{"start":{"line":37,"column":0},"end":{"line":37,"column":25}},"37":{"start":{"line":38,"column":0},"end":{"line":38,"column":23}},"38":{"start":{"line":39,"column":0},"end":{"line":39,"column":8}},"39":{"start":{"line":40,"column":0},"end":{"line":40,"column":7}},"40":{"start":{"line":41,"column":0},"end":{"line":41,"column":16}},"41":{"start":{"line":42,"column":0},"end":{"line":42,"column":33}},"42":{"start":{"line":43,"column":0},"end":{"line":43,"column":25}},"43":{"start":{"line":44,"column":0},"end":{"line":44,"column":23}},"44":{"start":{"line":45,"column":0},"end":{"line":45,"column":7}},"45":{"start":{"line":46,"column":0},"end":{"line":46,"column":5}},"46":{"start":{"line":47,"column":0},"end":{"line":47,"column":4}},"47":{"start":{"line":48,"column":0},"end":{"line":48,"column":3}},"48":{"start":{"line":49,"column":0},"end":{"line":49,"column":10}},"49":{"start":{"line":50,"column":0},"end":{"line":50,"column":23}},"50":{"start":{"line":51,"column":0},"end":{"line":51,"column":21}},"51":{"start":{"line":52,"column":0},"end":{"line":52,"column":21}},"52":{"start":{"line":53,"column":0},"end":{"line":53,"column":15}},"53":{"start":{"line":54,"column":0},"end":{"line":54,"column":7}},"54":{"start":{"line":55,"column":0},"end":{"line":55,"column":16}},"55":{"start":{"line":56,"column":0},"end":{"line":56,"column":33}},"56":{"start":{"line":57,"column":0},"end":{"line":57,"column":25}},"57":{"start":{"line":58,"column":0},"end":{"line":58,"column":23}},"58":{"start":{"line":59,"column":0},"end":{"line":59,"column":8}},"59":{"start":{"line":60,"column":0},"end":{"line":60,"column":7}},"60":{"start":{"line":61,"column":0},"end":{"line":61,"column":16}},"61":{"start":{"line":62,"column":0},"end":{"line":62,"column":33}},"62":{"start":{"line":63,"column":0},"end":{"line":63,"column":25}},"63":{"start":{"line":64,"column":0},"end":{"line":64,"column":23}},"64":{"start":{"line":65,"column":0},"end":{"line":65,"column":8}},"65":{"start":{"line":66,"column":0},"end":{"line":66,"column":7}},"66":{"start":{"line":67,"column":0},"end":{"line":67,"column":16}},"67":{"start":{"line":68,"column":0},"end":{"line":68,"column":33}},"68":{"start":{"line":69,"column":0},"end":{"line":69,"column":25}},"69":{"start":{"line":70,"column":0},"end":{"line":70,"column":23}},"70":{"start":{"line":71,"column":0},"end":{"line":71,"column":7}},"71":{"start":{"line":72,"column":0},"end":{"line":72,"column":0}},"72":{"start":{"line":73,"column":0},"end":{"line":73,"column":5}},"73":{"start":{"line":74,"column":0},"end":{"line":74,"column":4}},"74":{"start":{"line":75,"column":0},"end":{"line":75,"column":3}},"75":{"start":{"line":76,"column":0},"end":{"line":76,"column":10}},"76":{"start":{"line":77,"column":0},"end":{"line":77,"column":23}},"77":{"start":{"line":78,"column":0},"end":{"line":78,"column":21}},"78":{"start":{"line":79,"column":0},"end":{"line":79,"column":20}},"79":{"start":{"line":80,"column":0},"end":{"line":80,"column":20}},"80":{"start":{"line":81,"column":0},"end":{"line":81,"column":4}},"81":{"start":{"line":82,"column":0},"end":{"line":82,"column":3}},"82":{"start":{"line":83,"column":0},"end":{"line":83,"column":10}},"83":{"start":{"line":84,"column":0},"end":{"line":84,"column":23}},"84":{"start":{"line":85,"column":0},"end":{"line":85,"column":21}},"85":{"start":{"line":86,"column":0},"end":{"line":86,"column":19}},"86":{"start":{"line":87,"column":0},"end":{"line":87,"column":3}},"87":{"start":{"line":88,"column":0},"end":{"line":88,"column":0}},"88":{"start":{"line":89,"column":0},"end":{"line":89,"column":1}},"89":{"start":{"line":90,"column":0},"end":{"line":90,"column":0}},"90":{"start":{"line":91,"column":0},"end":{"line":91,"column":53}},"91":{"start":{"line":92,"column":0},"end":{"line":92,"column":13}},"92":{"start":{"line":93,"column":0},"end":{"line":93,"column":13}},"93":{"start":{"line":94,"column":0},"end":{"line":94,"column":15}},"94":{"start":{"line":95,"column":0},"end":{"line":95,"column":3}},"95":{"start":{"line":96,"column":0},"end":{"line":96,"column":0}},"96":{"start":{"line":97,"column":0},"end":{"line":97,"column":35}},"97":{"start":{"line":98,"column":0},"end":{"line":98,"column":42}},"98":{"start":{"line":99,"column":0},"end":{"line":99,"column":41}},"99":{"start":{"line":100,"column":0},"end":{"line":100,"column":23}},"100":{"start":{"line":101,"column":0},"end":{"line":101,"column":7}},"101":{"start":{"line":102,"column":0},"end":{"line":102,"column":43}},"102":{"start":{"line":103,"column":0},"end":{"line":103,"column":44}},"103":{"start":{"line":104,"column":0},"end":{"line":104,"column":7}},"104":{"start":{"line":105,"column":0},"end":{"line":105,"column":5}},"105":{"start":{"line":106,"column":0},"end":{"line":106,"column":3}},"106":{"start":{"line":107,"column":0},"end":{"line":107,"column":0}},"107":{"start":{"line":108,"column":0},"end":{"line":108,"column":25}},"108":{"start":{"line":109,"column":0},"end":{"line":109,"column":12}},"109":{"start":{"line":110,"column":0},"end":{"line":110,"column":1}},"110":{"start":{"line":111,"column":0},"end":{"line":111,"column":62}},"111":{"start":{"line":112,"column":0},"end":{"line":112,"column":0}},"112":{"start":{"line":113,"column":0},"end":{"line":113,"column":29}},"113":{"start":{"line":114,"column":0},"end":{"line":114,"column":15}},"114":{"start":{"line":115,"column":0},"end":{"line":115,"column":19}},"115":{"start":{"line":116,"column":0},"end":{"line":116,"column":58}},"116":{"start":{"line":117,"column":0},"end":{"line":117,"column":24}},"117":{"start":{"line":118,"column":0},"end":{"line":118,"column":16}},"118":{"start":{"line":119,"column":0},"end":{"line":119,"column":3}},"119":{"start":{"line":120,"column":0},"end":{"line":120,"column":0}},"120":{"start":{"line":121,"column":0},"end":{"line":121,"column":34}},"121":{"start":{"line":122,"column":0},"end":{"line":122,"column":19}},"122":{"start":{"line":123,"column":0},"end":{"line":123,"column":15}},"123":{"start":{"line":124,"column":0},"end":{"line":124,"column":15}},"124":{"start":{"line":125,"column":0},"end":{"line":125,"column":3}},"125":{"start":{"line":126,"column":0},"end":{"line":126,"column":0}},"126":{"start":{"line":127,"column":0},"end":{"line":127,"column":46}},"127":{"start":{"line":128,"column":0},"end":{"line":128,"column":40}},"128":{"start":{"line":129,"column":0},"end":{"line":129,"column":41}},"129":{"start":{"line":130,"column":0},"end":{"line":130,"column":42}},"130":{"start":{"line":131,"column":0},"end":{"line":131,"column":23}},"131":{"start":{"line":132,"column":0},"end":{"line":132,"column":14}},"132":{"start":{"line":133,"column":0},"end":{"line":133,"column":37}},"133":{"start":{"line":134,"column":0},"end":{"line":134,"column":23}},"134":{"start":{"line":135,"column":0},"end":{"line":135,"column":7}},"135":{"start":{"line":136,"column":0},"end":{"line":136,"column":73}},"136":{"start":{"line":137,"column":0},"end":{"line":137,"column":81}},"137":{"start":{"line":138,"column":0},"end":{"line":138,"column":21}},"138":{"start":{"line":139,"column":0},"end":{"line":139,"column":12}},"139":{"start":{"line":140,"column":0},"end":{"line":140,"column":76}},"140":{"start":{"line":141,"column":0},"end":{"line":141,"column":21}},"141":{"start":{"line":142,"column":0},"end":{"line":142,"column":5}},"142":{"start":{"line":143,"column":0},"end":{"line":143,"column":3}},"143":{"start":{"line":144,"column":0},"end":{"line":144,"column":0}},"144":{"start":{"line":145,"column":0},"end":{"line":145,"column":51}},"145":{"start":{"line":146,"column":0},"end":{"line":146,"column":40}},"146":{"start":{"line":147,"column":0},"end":{"line":147,"column":12}},"147":{"start":{"line":148,"column":0},"end":{"line":148,"column":1}},"148":{"start":{"line":149,"column":0},"end":{"line":149,"column":0}},"149":{"start":{"line":150,"column":0},"end":{"line":150,"column":39}},"150":{"start":{"line":151,"column":0},"end":{"line":151,"column":0}},"151":{"start":{"line":152,"column":0},"end":{"line":152,"column":0}},"152":{"start":{"line":153,"column":0},"end":{"line":153,"column":0}},"153":{"start":{"line":154,"column":0},"end":{"line":154,"column":38}},"154":{"start":{"line":155,"column":0},"end":{"line":155,"column":20}},"155":{"start":{"line":156,"column":0},"end":{"line":156,"column":1}},"156":{"start":{"line":157,"column":0},"end":{"line":157,"column":0}},"157":{"start":{"line":158,"column":0},"end":{"line":158,"column":22}},"158":{"start":{"line":159,"column":0},"end":{"line":159,"column":17}},"159":{"start":{"line":160,"column":0},"end":{"line":160,"column":0}},"160":{"start":{"line":161,"column":0},"end":{"line":161,"column":32}},"161":{"start":{"line":162,"column":0},"end":{"line":162,"column":0}},"162":{"start":{"line":163,"column":0},"end":{"line":163,"column":44}},"163":{"start":{"line":164,"column":0},"end":{"line":164,"column":77}},"164":{"start":{"line":165,"column":0},"end":{"line":165,"column":30}},"165":{"start":{"line":166,"column":0},"end":{"line":166,"column":7}},"166":{"start":{"line":167,"column":0},"end":{"line":167,"column":5}},"167":{"start":{"line":168,"column":0},"end":{"line":168,"column":34}},"168":{"start":{"line":169,"column":0},"end":{"line":169,"column":67}},"169":{"start":{"line":170,"column":0},"end":{"line":170,"column":18}},"170":{"start":{"line":171,"column":0},"end":{"line":171,"column":4}},"171":{"start":{"line":172,"column":0},"end":{"line":172,"column":1}},"172":{"start":{"line":173,"column":0},"end":{"line":173,"column":40}},"173":{"start":{"line":174,"column":0},"end":{"line":174,"column":0}},"174":{"start":{"line":175,"column":0},"end":{"line":175,"column":24}},"175":{"start":{"line":176,"column":0},"end":{"line":176,"column":24}},"176":{"start":{"line":177,"column":0},"end":{"line":177,"column":24}},"177":{"start":{"line":178,"column":0},"end":{"line":178,"column":24}},"178":{"start":{"line":179,"column":0},"end":{"line":179,"column":0}},"179":{"start":{"line":180,"column":0},"end":{"line":180,"column":102}}},"s":{"0":10,"1":10,"2":10,"3":10,"4":10,"5":7,"6":10,"7":28,"8":15,"9":15,"10":28,"11":6,"12":6,"13":6,"14":28,"15":7,"16":7,"17":7,"18":28,"19":28,"20":3,"21":3,"22":1,"23":1,"24":1,"25":1,"26":1,"27":1,"28":1,"29":1,"30":1,"31":1,"32":1,"33":1,"34":1,"35":1,"36":1,"37":1,"38":1,"39":1,"40":1,"41":1,"42":1,"43":1,"44":1,"45":1,"46":1,"47":1,"48":1,"49":1,"50":1,"51":1,"52":1,"53":1,"54":1,"55":1,"56":1,"57":1,"58":1,"59":1,"60":1,"61":1,"62":1,"63":1,"64":1,"65":1,"66":1,"67":1,"68":1,"69":1,"70":1,"71":1,"72":1,"73":1,"74":1,"75":1,"76":1,"77":1,"78":1,"79":1,"80":1,"81":1,"82":1,"83":1,"84":1,"85":1,"86":1,"87":1,"88":1,"89":1,"90":2,"91":2,"92":2,"93":2,"94":2,"95":2,"96":2,"97":6,"98":18,"99":8,"100":8,"101":18,"102":4,"103":4,"104":18,"105":6,"106":2,"107":2,"108":2,"109":2,"110":1,"111":1,"112":9,"113":9,"114":9,"115":9,"116":9,"117":4,"118":4,"119":5,"120":9,"121":1,"122":1,"123":1,"124":1,"125":5,"126":9,"127":13,"128":4,"129":4,"130":4,"131":4,"132":0,"133":0,"134":0,"135":13,"136":4,"137":4,"138":9,"139":5,"140":5,"141":5,"142":13,"143":5,"144":9,"145":9,"146":9,"147":9,"148":1,"149":1,"150":1,"151":1,"152":1,"153":8,"154":8,"155":8,"156":1,"157":4,"158":4,"159":4,"160":4,"161":12,"162":12,"163":9,"164":7,"165":7,"166":9,"167":5,"168":5,"169":5,"170":5,"171":4,"172":1,"173":1,"174":1,"175":1,"176":1,"177":1,"178":1,"179":1},"branchMap":{"0":{"type":"branch","line":1,"loc":{"start":{"line":1,"column":0},"end":{"line":22,"column":1}},"locations":[{"start":{"line":1,"column":0},"end":{"line":22,"column":1}}]},"1":{"type":"branch","line":5,"loc":{"start":{"line":5,"column":29},"end":{"line":5,"column":36}},"locations":[{"start":{"line":5,"column":29},"end":{"line":5,"column":36}}]},"2":{"type":"branch","line":5,"loc":{"start":{"line":5,"column":29},"end":{"line":7,"column":7}},"locations":[{"start":{"line":5,"column":29},"end":{"line":7,"column":7}}]},"3":{"type":"branch","line":7,"loc":{"start":{"line":7,"column":27},"end":{"line":20,"column":3}},"locations":[{"start":{"line":7,"column":27},"end":{"line":20,"column":3}}]},"4":{"type":"branch","line":8,"loc":{"start":{"line":8,"column":22},"end":{"line":10,"column":5}},"locations":[{"start":{"line":8,"column":22},"end":{"line":10,"column":5}}]},"5":{"type":"branch","line":11,"loc":{"start":{"line":11,"column":22},"end":{"line":14,"column":5}},"locations":[{"start":{"line":11,"column":22},"end":{"line":14,"column":5}}]},"6":{"type":"branch","line":15,"loc":{"start":{"line":15,"column":23},"end":{"line":18,"column":5}},"locations":[{"start":{"line":15,"column":23},"end":{"line":18,"column":5}}]},"7":{"type":"branch","line":17,"loc":{"start":{"line":17,"column":6},"end":{"line":17,"column":30}},"locations":[{"start":{"line":17,"column":6},"end":{"line":17,"column":30}}]},"8":{"type":"branch","line":17,"loc":{"start":{"line":17,"column":6},"end":{"line":17,"column":41}},"locations":[{"start":{"line":17,"column":6},"end":{"line":17,"column":41}}]},"9":{"type":"branch","line":19,"loc":{"start":{"line":19,"column":8},"end":{"line":19,"column":34}},"locations":[{"start":{"line":19,"column":8},"end":{"line":19,"column":34}}]},"10":{"type":"branch","line":19,"loc":{"start":{"line":19,"column":34},"end":{"line":19,"column":41}},"locations":[{"start":{"line":19,"column":34},"end":{"line":19,"column":41}}]},"11":{"type":"branch","line":21,"loc":{"start":{"line":21,"column":-2},"end":{"line":22,"column":1}},"locations":[{"start":{"line":21,"column":-2},"end":{"line":22,"column":1}}]},"12":{"type":"branch","line":91,"loc":{"start":{"line":91,"column":0},"end":{"line":110,"column":1}},"locations":[{"start":{"line":91,"column":0},"end":{"line":110,"column":1}}]},"13":{"type":"branch","line":97,"loc":{"start":{"line":97,"column":2},"end":{"line":106,"column":3}},"locations":[{"start":{"line":97,"column":2},"end":{"line":106,"column":3}}]},"14":{"type":"branch","line":98,"loc":{"start":{"line":98,"column":41},"end":{"line":105,"column":5}},"locations":[{"start":{"line":98,"column":41},"end":{"line":105,"column":5}}]},"15":{"type":"branch","line":99,"loc":{"start":{"line":99,"column":40},"end":{"line":101,"column":7}},"locations":[{"start":{"line":99,"column":40},"end":{"line":101,"column":7}}]},"16":{"type":"branch","line":102,"loc":{"start":{"line":102,"column":42},"end":{"line":104,"column":7}},"locations":[{"start":{"line":102,"column":42},"end":{"line":104,"column":7}}]},"17":{"type":"branch","line":113,"loc":{"start":{"line":113,"column":0},"end":{"line":148,"column":1}},"locations":[{"start":{"line":113,"column":0},"end":{"line":148,"column":1}}]},"18":{"type":"branch","line":116,"loc":{"start":{"line":116,"column":6},"end":{"line":116,"column":58}},"locations":[{"start":{"line":116,"column":6},"end":{"line":116,"column":58}}]},"19":{"type":"branch","line":116,"loc":{"start":{"line":116,"column":6},"end":{"line":117,"column":16}},"locations":[{"start":{"line":116,"column":6},"end":{"line":117,"column":16}}]},"20":{"type":"branch","line":116,"loc":{"start":{"line":116,"column":6},"end":{"line":117,"column":23}},"locations":[{"start":{"line":116,"column":6},"end":{"line":117,"column":23}}]},"21":{"type":"branch","line":117,"loc":{"start":{"line":117,"column":23},"end":{"line":119,"column":3}},"locations":[{"start":{"line":117,"column":23},"end":{"line":119,"column":3}}]},"22":{"type":"branch","line":120,"loc":{"start":{"line":120,"column":-2},"end":{"line":121,"column":6}},"locations":[{"start":{"line":120,"column":-2},"end":{"line":121,"column":6}}]},"23":{"type":"branch","line":121,"loc":{"start":{"line":121,"column":33},"end":{"line":125,"column":3}},"locations":[{"start":{"line":121,"column":33},"end":{"line":125,"column":3}}]},"24":{"type":"branch","line":126,"loc":{"start":{"line":126,"column":-2},"end":{"line":127,"column":7}},"locations":[{"start":{"line":126,"column":-2},"end":{"line":127,"column":7}}]},"25":{"type":"branch","line":127,"loc":{"start":{"line":127,"column":45},"end":{"line":143,"column":3}},"locations":[{"start":{"line":127,"column":45},"end":{"line":143,"column":3}}]},"26":{"type":"branch","line":128,"loc":{"start":{"line":128,"column":39},"end":{"line":136,"column":11}},"locations":[{"start":{"line":128,"column":39},"end":{"line":136,"column":11}}]},"27":{"type":"branch","line":132,"loc":{"start":{"line":132,"column":7},"end":{"line":135,"column":7}},"locations":[{"start":{"line":132,"column":7},"end":{"line":135,"column":7}}]},"28":{"type":"branch","line":136,"loc":{"start":{"line":136,"column":5},"end":{"line":142,"column":5}},"locations":[{"start":{"line":136,"column":5},"end":{"line":142,"column":5}}]},"29":{"type":"branch","line":136,"loc":{"start":{"line":136,"column":72},"end":{"line":139,"column":11}},"locations":[{"start":{"line":136,"column":72},"end":{"line":139,"column":11}}]},"30":{"type":"branch","line":139,"loc":{"start":{"line":139,"column":5},"end":{"line":142,"column":5}},"locations":[{"start":{"line":139,"column":5},"end":{"line":142,"column":5}}]},"31":{"type":"branch","line":144,"loc":{"start":{"line":144,"column":-2},"end":{"line":145,"column":19}},"locations":[{"start":{"line":144,"column":-2},"end":{"line":145,"column":19}}]},"32":{"type":"branch","line":145,"loc":{"start":{"line":145,"column":8},"end":{"line":145,"column":34}},"locations":[{"start":{"line":145,"column":8},"end":{"line":145,"column":34}}]},"33":{"type":"branch","line":145,"loc":{"start":{"line":145,"column":8},"end":{"line":145,"column":51}},"locations":[{"start":{"line":145,"column":8},"end":{"line":145,"column":51}}]},"34":{"type":"branch","line":154,"loc":{"start":{"line":154,"column":0},"end":{"line":156,"column":1}},"locations":[{"start":{"line":154,"column":0},"end":{"line":156,"column":1}}]},"35":{"type":"branch","line":158,"loc":{"start":{"line":158,"column":0},"end":{"line":172,"column":1}},"locations":[{"start":{"line":158,"column":0},"end":{"line":172,"column":1}}]},"36":{"type":"branch","line":161,"loc":{"start":{"line":161,"column":9},"end":{"line":171,"column":4}},"locations":[{"start":{"line":161,"column":9},"end":{"line":171,"column":4}}]},"37":{"type":"branch","line":163,"loc":{"start":{"line":163,"column":43},"end":{"line":167,"column":5}},"locations":[{"start":{"line":163,"column":43},"end":{"line":167,"column":5}}]},"38":{"type":"branch","line":164,"loc":{"start":{"line":164,"column":76},"end":{"line":166,"column":7}},"locations":[{"start":{"line":164,"column":76},"end":{"line":166,"column":7}}]},"39":{"type":"branch","line":168,"loc":{"start":{"line":168,"column":-2},"end":{"line":171,"column":4}},"locations":[{"start":{"line":168,"column":-2},"end":{"line":171,"column":4}}]}},"b":{"0":[10],"1":[3],"2":[7],"3":[28],"4":[15],"5":[6],"6":[7],"7":[6],"8":[1],"9":[24],"10":[4],"11":[3],"12":[2],"13":[6],"14":[18],"15":[8],"16":[4],"17":[9],"18":[6],"19":[5],"20":[5],"21":[4],"22":[5],"23":[1],"24":[5],"25":[13],"26":[4],"27":[0],"28":[9],"29":[4],"30":[5],"31":[5],"32":[3],"33":[2],"34":[8],"35":[4],"36":[12],"37":[9],"38":[7],"39":[5]},"fnMap":{"0":{"name":"giveChange","decl":{"start":{"line":1,"column":0},"end":{"line":22,"column":1}},"loc":{"start":{"line":1,"column":0},"end":{"line":22,"column":1}},"line":1},"1":{"name":"getQuntityPostsByAuthor","decl":{"start":{"line":91,"column":0},"end":{"line":110,"column":1}},"loc":{"start":{"line":91,"column":0},"end":{"line":110,"column":1}},"line":91},"2":{"name":"counter","decl":{"start":{"line":97,"column":2},"end":{"line":106,"column":3}},"loc":{"start":{"line":97,"column":2},"end":{"line":106,"column":3}},"line":97},"3":{"name":"getSum","decl":{"start":{"line":113,"column":0},"end":{"line":148,"column":1}},"loc":{"start":{"line":113,"column":0},"end":{"line":148,"column":1}},"line":113},"4":{"name":"complexFunction","decl":{"start":{"line":154,"column":0},"end":{"line":156,"column":1}},"loc":{"start":{"line":154,"column":0},"end":{"line":156,"column":1}},"line":154},"5":{"name":"cache","decl":{"start":{"line":158,"column":0},"end":{"line":172,"column":1}},"loc":{"start":{"line":158,"column":0},"end":{"line":172,"column":1}},"line":158}},"f":{"0":10,"1":2,"2":6,"3":9,"4":8,"5":4}}
}
