TN:
SF:script.js
FN:1,giveChange
FN:91,getQuntityPostsByAuthor
FN:97,counter
FN:113,getSum
FN:154,complexFunction
FN:158,cache
FNF:6
FNH:6
FNDA:10,giveChange
FNDA:2,getQuntityPostsByAuthor
FNDA:6,counter
FNDA:9,getSum
FNDA:8,complexFunction
FNDA:4,cache
DA:1,10
DA:2,10
DA:3,10
DA:4,10
DA:5,10
DA:6,7
DA:7,10
DA:8,28
DA:9,15
DA:10,15
DA:11,28
DA:12,6
DA:13,6
DA:14,6
DA:15,28
DA:16,7
DA:17,7
DA:18,7
DA:19,28
DA:20,28
DA:21,3
DA:22,3
DA:23,1
DA:24,1
DA:25,1
DA:26,1
DA:27,1
DA:28,1
DA:29,1
DA:30,1
DA:31,1
DA:32,1
DA:33,1
DA:34,1
DA:35,1
DA:36,1
DA:37,1
DA:38,1
DA:39,1
DA:40,1
DA:41,1
DA:42,1
DA:43,1
DA:44,1
DA:45,1
DA:46,1
DA:47,1
DA:48,1
DA:49,1
DA:50,1
DA:51,1
DA:52,1
DA:53,1
DA:54,1
DA:55,1
DA:56,1
DA:57,1
DA:58,1
DA:59,1
DA:60,1
DA:61,1
DA:62,1
DA:63,1
DA:64,1
DA:65,1
DA:66,1
DA:67,1
DA:68,1
DA:69,1
DA:70,1
DA:71,1
DA:72,1
DA:73,1
DA:74,1
DA:75,1
DA:76,1
DA:77,1
DA:78,1
DA:79,1
DA:80,1
DA:81,1
DA:82,1
DA:83,1
DA:84,1
DA:85,1
DA:86,1
DA:87,1
DA:88,1
DA:89,1
DA:90,1
DA:91,2
DA:92,2
DA:93,2
DA:94,2
DA:95,2
DA:96,2
DA:97,2
DA:98,6
DA:99,18
DA:100,8
DA:101,8
DA:102,18
DA:103,4
DA:104,4
DA:105,18
DA:106,6
DA:107,2
DA:108,2
DA:109,2
DA:110,2
DA:111,1
DA:112,1
DA:113,9
DA:114,9
DA:115,9
DA:116,9
DA:117,9
DA:118,4
DA:119,4
DA:120,5
DA:121,9
DA:122,1
DA:123,1
DA:124,1
DA:125,1
DA:126,5
DA:127,9
DA:128,13
DA:129,4
DA:130,4
DA:131,4
DA:132,4
DA:133,0
DA:134,0
DA:135,0
DA:136,13
DA:137,4
DA:138,4
DA:139,9
DA:140,5
DA:141,5
DA:142,5
DA:143,13
DA:144,5
DA:145,9
DA:146,9
DA:147,9
DA:148,9
DA:149,1
DA:150,1
DA:151,1
DA:152,1
DA:153,1
DA:154,8
DA:155,8
DA:156,8
DA:157,1
DA:158,4
DA:159,4
DA:160,4
DA:161,4
DA:162,12
DA:163,12
DA:164,9
DA:165,7
DA:166,7
DA:167,9
DA:168,5
DA:169,5
DA:170,5
DA:171,5
DA:172,4
DA:173,1
DA:174,1
DA:175,1
DA:176,1
DA:177,1
DA:178,1
DA:179,1
DA:180,1
LF:180
LH:177
BRDA:1,0,0,10
BRDA:5,1,0,3
BRDA:5,2,0,7
BRDA:7,3,0,28
BRDA:8,4,0,15
BRDA:11,5,0,6
BRDA:15,6,0,7
BRDA:17,7,0,6
BRDA:17,8,0,1
BRDA:19,9,0,24
BRDA:19,10,0,4
BRDA:21,11,0,3
BRDA:91,12,0,2
BRDA:97,13,0,6
BRDA:98,14,0,18
BRDA:99,15,0,8
BRDA:102,16,0,4
BRDA:113,17,0,9
BRDA:116,18,0,6
BRDA:116,19,0,5
BRDA:116,20,0,5
BRDA:117,21,0,4
BRDA:120,22,0,5
BRDA:121,23,0,1
BRDA:126,24,0,5
BRDA:127,25,0,13
BRDA:128,26,0,4
BRDA:132,27,0,0
BRDA:136,28,0,9
BRDA:136,29,0,4
BRDA:139,30,0,5
BRDA:144,31,0,5
BRDA:145,32,0,3
BRDA:145,33,0,2
BRDA:154,34,0,8
BRDA:158,35,0,4
BRDA:161,36,0,12
BRDA:163,37,0,9
BRDA:164,38,0,7
BRDA:168,39,0,5
BRF:40
BRH:39
end_of_record
