{"G:\\work\\DevEducation\\homeWorks\\HW_Balls\\src\\constants.js": {"path":"G:\\work\\DevEducation\\homeWorks\\HW_Balls\\src\\constants.js","statementMap":{"0":{"start":{"line":2,"column":14},"end":{"line":2,"column":18}},"1":{"start":{"line":3,"column":15},"end":{"line":3,"column":18}},"2":{"start":{"line":4,"column":15},"end":{"line":4,"column":17}},"3":{"start":{"line":5,"column":15},"end":{"line":5,"column":17}},"4":{"start":{"line":6,"column":14},"end":{"line":6,"column":16}},"5":{"start":{"line":7,"column":14},"end":{"line":7,"column":16}},"6":{"start":{"line":8,"column":10},"end":{"line":8,"column":12}}},"fnMap":{},"branchMap":{},"s":{"0":1,"1":1,"2":1,"3":1,"4":1,"5":1,"6":1},"f":{},"b":{},"_coverageSchema":"1a1c01bbd47fc00a2c39e90264f33305004495a9","hash":"dfcf74fa7a6c38637df6f0ddd8261decd77d25b5"}
,"G:\\work\\DevEducation\\homeWorks\\HW_Balls\\src\\model\\Circle.js": {"path":"G:\\work\\DevEducation\\homeWorks\\HW_Balls\\src\\model\\Circle.js","statementMap":{"0":{"start":{"line":5,"column":4},"end":{"line":5,"column":15}},"1":{"start":{"line":6,"column":4},"end":{"line":6,"column":15}},"2":{"start":{"line":7,"column":4},"end":{"line":7,"column":19}},"3":{"start":{"line":8,"column":4},"end":{"line":8,"column":19}},"4":{"start":{"line":9,"column":4},"end":{"line":9,"column":23}},"5":{"start":{"line":10,"column":4},"end":{"line":10,"column":22}},"6":{"start":{"line":11,"column":4},"end":{"line":11,"column":22}},"7":{"start":{"line":13,"column":4},"end":{"line":13,"column":45}},"8":{"start":{"line":14,"column":18},"end":{"line":14,"column":39}},"9":{"start":{"line":15,"column":4},"end":{"line":15,"column":60}},"10":{"start":{"line":16,"column":4},"end":{"line":16,"column":21}},"11":{"start":{"line":19,"column":14},"end":{"line":27,"column":3}},"12":{"start":{"line":20,"column":4},"end":{"line":20,"column":69}},"13":{"start":{"line":21,"column":4},"end":{"line":21,"column":66}},"14":{"start":{"line":22,"column":17},"end":{"line":22,"column":54}},"15":{"start":{"line":22,"column":23},"end":{"line":22,"column":54}},"16":{"start":{"line":23,"column":4},"end":{"line":23,"column":56}},"17":{"start":{"line":24,"column":18},"end":{"line":24,"column":45}},"18":{"start":{"line":25,"column":4},"end":{"line":25,"column":30}},"19":{"start":{"line":26,"column":4},"end":{"line":26,"column":30}},"20":{"start":{"line":29,"column":9},"end":{"line":35,"column":3}},"21":{"start":{"line":30,"column":4},"end":{"line":30,"column":43}},"22":{"start":{"line":31,"column":4},"end":{"line":31,"column":43}},"23":{"start":{"line":32,"column":4},"end":{"line":32,"column":47}},"24":{"start":{"line":33,"column":4},"end":{"line":33,"column":49}},"25":{"start":{"line":34,"column":4},"end":{"line":34,"column":38}},"26":{"start":{"line":37,"column":9},"end":{"line":40,"column":3}},"27":{"start":{"line":38,"column":4},"end":{"line":38,"column":14}},"28":{"start":{"line":39,"column":4},"end":{"line":39,"column":43}},"29":{"start":{"line":42,"column":9},"end":{"line":45,"column":3}},"30":{"start":{"line":43,"column":4},"end":{"line":43,"column":14}},"31":{"start":{"line":44,"column":4},"end":{"line":44,"column":43}},"32":{"start":{"line":47,"column":10},"end":{"line":49,"column":3}},"33":{"start":{"line":48,"column":4},"end":{"line":48,"column":17}},"34":{"start":{"line":51,"column":10},"end":{"line":53,"column":3}},"35":{"start":{"line":52,"column":4},"end":{"line":52,"column":17}}},"fnMap":{"0":{"name":"(anonymous_0)","decl":{"start":{"line":4,"column":2},"end":{"line":4,"column":3}},"loc":{"start":{"line":4,"column":20},"end":{"line":17,"column":3}},"line":4},"1":{"name":"(anonymous_1)","decl":{"start":{"line":19,"column":14},"end":{"line":19,"column":15}},"loc":{"start":{"line":19,"column":20},"end":{"line":27,"column":3}},"line":19},"2":{"name":"(anonymous_2)","decl":{"start":{"line":22,"column":17},"end":{"line":22,"column":18}},"loc":{"start":{"line":22,"column":23},"end":{"line":22,"column":54}},"line":22},"3":{"name":"(anonymous_3)","decl":{"start":{"line":29,"column":9},"end":{"line":29,"column":10}},"loc":{"start":{"line":29,"column":15},"end":{"line":35,"column":3}},"line":29},"4":{"name":"(anonymous_4)","decl":{"start":{"line":37,"column":9},"end":{"line":37,"column":10}},"loc":{"start":{"line":37,"column":16},"end":{"line":40,"column":3}},"line":37},"5":{"name":"(anonymous_5)","decl":{"start":{"line":42,"column":9},"end":{"line":42,"column":10}},"loc":{"start":{"line":42,"column":16},"end":{"line":45,"column":3}},"line":42},"6":{"name":"(anonymous_6)","decl":{"start":{"line":47,"column":10},"end":{"line":47,"column":11}},"loc":{"start":{"line":47,"column":18},"end":{"line":49,"column":3}},"line":47},"7":{"name":"(anonymous_7)","decl":{"start":{"line":51,"column":10},"end":{"line":51,"column":11}},"loc":{"start":{"line":51,"column":18},"end":{"line":53,"column":3}},"line":51}},"branchMap":{},"s":{"0":6,"1":6,"2":6,"3":6,"4":6,"5":6,"6":6,"7":6,"8":6,"9":6,"10":6,"11":6,"12":7,"13":7,"14":7,"15":21,"16":7,"17":7,"18":7,"19":7,"20":6,"21":1,"22":1,"23":1,"24":1,"25":1,"26":6,"27":1,"28":1,"29":6,"30":1,"31":1,"32":6,"33":1,"34":6,"35":1},"f":{"0":6,"1":7,"2":21,"3":1,"4":1,"5":1,"6":1,"7":1},"b":{},"_coverageSchema":"1a1c01bbd47fc00a2c39e90264f33305004495a9","hash":"f7a66d820ce44a6fe4c0ee09a55d1c19646d5620"}
,"G:\\work\\DevEducation\\homeWorks\\HW_Balls\\src\\model\\index.js": {"path":"G:\\work\\DevEducation\\homeWorks\\HW_Balls\\src\\model\\index.js","statementMap":{},"fnMap":{},"branchMap":{},"s":{},"f":{},"b":{},"_coverageSchema":"1a1c01bbd47fc00a2c39e90264f33305004495a9","hash":"4d92cd47b13a4be498bb8da371f4e087d5e438e8"}
,"G:\\work\\DevEducation\\homeWorks\\HW_Balls\\src\\tests\\testHelpers.js": {"path":"G:\\work\\DevEducation\\homeWorks\\HW_Balls\\src\\tests\\testHelpers.js","statementMap":{"0":{"start":{"line":2,"column":8},"end":{"line":4,"column":3}}},"fnMap":{},"branchMap":{},"s":{"0":1},"f":{},"b":{},"_coverageSchema":"1a1c01bbd47fc00a2c39e90264f33305004495a9","hash":"f968e71dc2fe5df7e56821316cc3923d7e893ef1"}
}
